<?xml version="1.0" encoding="utf-8"?>
<!--
  Copyright Â© 2017-2018 AT&T Intellectual Property.
  
  Licensed under the Apache License, Version 2.0 (the "License");
  you may not use this file except in compliance with the License.
  You may obtain a copy of the License at
  
      http://www.apache.org/licenses/LICENSE-2.0
  
  Unless required by applicable law or agreed to in writing, software
  distributed under the License is distributed on an "AS IS" BASIS,
  WITHOUT WARRANTIES OR CONDITIONS OF ANY KIND, either express or implied.
  See the License for the specific language governing permissions and
  limitations under the License.
-->

<beans xmlns="http://www.springframework.org/schema/beans"
	xmlns:xsi="http://www.w3.org/2001/XMLSchema-instance"
	xmlns:jdbc="http://www.springframework.org/schema/jdbc"
	xmlns:context="http://www.springframework.org/schema/context"
	xsi:schemaLocation="http://www.springframework.org/schema/beans
	http://www.springframework.org/schema/beans/spring-beans-3.1.xsd
	http://www.springframework.org/schema/jdbc
 	http://www.springframework.org/schema/jdbc/spring-jdbc-3.1.xsd
 	http://www.springframework.org/schema/context
 	http://www.springframework.org/schema/context/spring-context-3.1.xsd
 					">

	<context:annotation-config />

	<bean id="test.dataSource"
		class="org.springframework.jdbc.datasource.DriverManagerDataSource"
		lazy-init="false">
		<property name="driverClassName"
			value="org.mariadb.jdbc.Driver" />
		<property name="url"
			value="jdbc:mysql://localhost:3306/sdnctl" />
		<property name="username" value="sdnctl" />
		<property name="password" value="sdnctl" />
	</bean>


	<!-- <bean id="test.dataSource" -->
	<!-- class="org.springframework.jdbc.datasource.DriverManagerDataSource" -->
	<!-- lazy-init="false"> -->
	<!-- <property name="driverClassName" value="org.h2.Driver" /> -->
	<!-- <property name="url" -->
	<!-- value="jdbc:h2:mem:test;DB_CLOSE_DELAY=-1;MODE=MySQL" /> -->
	<!-- </bean> -->
	<!-- <jdbc:initialize-database data-source="test.dataSource"> -->
	<!-- <jdbc:script location="sql/schema.sql" /> -->
	<!-- </jdbc:initialize-database> -->
	<!-- <bean id="dataSetup" -->
	<!-- class="org.onap.ccsdk.config.data.adaptor.db.utils.DataSetup"> -->
	<!-- <property name="testDb" ref="testDb" /> -->
	<!-- </bean> -->
	<!-- <bean id="testDb" class="org.onap.ccsdk.config.data.adaptor.db.utils.TestDb"> -->
	<!-- <property name="jdbcTemplate" ref="jdbcTemplate" /> -->
	<!-- </bean> -->

	<bean id="jdbcTemplate"
		class="org.springframework.jdbc.core.JdbcTemplate">
		<property name="dataSource" ref="test.dataSource" />
	</bean>

	<bean id="namedParameterJdbcTemplate"
		class="org.springframework.jdbc.core.namedparam.NamedParameterJdbcTemplate">
		<constructor-arg ref="test.dataSource" />
	</bean>

	<bean id="configResourcelDao"
		class="org.onap.ccsdk.config.data.adaptor.dao.ConfigResourceDaoImpl">
		<constructor-arg ref="jdbcTemplate" />
	</bean>

	<bean id="ConfigPropertyMapDao"
		class="org.onap.ccsdk.config.data.adaptor.dao.ConfigPropertyMapDaoImpl">
		<constructor-arg ref="jdbcTemplate" />
	</bean>

	<bean id="queryExecutorDao"
		class="org.onap.ccsdk.config.data.adaptor.dao.QueryExecutorDaoImpl">
		<constructor-arg ref="jdbcTemplate" />
	</bean>

	<bean id="namedQueryExecutorDao"
		class="org.onap.ccsdk.config.data.adaptor.dao.NamedQueryExecutorDaoImpl">
		<constructor-arg ref="namedParameterJdbcTemplate" />
	</bean>

	<context:component-scan
		base-package="org.onap.ccsdk.config.data.adaptor" />

</beans>
