<?xml version="1.0" encoding="utf-8"?>

<beans xmlns="http://www.springframework.org/schema/beans"
	xmlns:xsi="http://www.w3.org/2001/XMLSchema-instance"
	xmlns:jdbc="http://www.springframework.org/schema/jdbc"
	xmlns:context="http://www.springframework.org/schema/context"
	xsi:schemaLocation="http://www.springframework.org/schema/beans
	http://www.springframework.org/schema/beans/spring-beans-3.1.xsd
	http://www.springframework.org/schema/jdbc
 	http://www.springframework.org/schema/jdbc/spring-jdbc-3.1.xsd
 	http://www.springframework.org/schema/context
 	http://www.springframework.org/schema/context/spring-context-3.1.xsd">

	<context:annotation-config />

	<bean id="test.dataSource"
		class="org.springframework.jdbc.datasource.DriverManagerDataSource"
		lazy-init="false">
		<property name="driverClassName" value="org.h2.Driver" />
		<property name="url"
			value="jdbc:h2:mem:test;DB_CLOSE_DELAY=-1;MODE=MySQL" />
	</bean>

	<jdbc:initialize-database
		data-source="test.dataSource">
		<jdbc:script location="sql/schema.sql" />
	</jdbc:initialize-database>

	<bean id="dataSetup"
		class="org.onap.ccsdk.config.data.adaptor.db.utils.DataSetup">
		<property name="testDb" ref="testDb" />
	</bean>
	<bean id="testDb"
		class="org.onap.ccsdk.config.data.adaptor.db.utils.TestDb">
		<property name="jdbcTemplate" ref="jdbcTemplate" />
	</bean>

	<bean id="jdbcTemplate"
		class="org.springframework.jdbc.core.JdbcTemplate">
		<property name="dataSource" ref="test.dataSource" />
	</bean>

	<bean id="namedParameterJdbcTemplate"
		class="org.springframework.jdbc.core.namedparam.NamedParameterJdbcTemplate">
		<constructor-arg ref="test.dataSource" />
	</bean>

	<bean id="configResourceDao"
		class="org.onap.ccsdk.config.data.adaptor.dao.ConfigResourceDaoImpl">
		<constructor-arg ref="jdbcTemplate" />
	</bean>

	<bean id="configPropertyMapDao"
		class="org.onap.ccsdk.config.data.adaptor.dao.ConfigPropertyMapDaoImpl">
		<constructor-arg ref="jdbcTemplate" />
	</bean>

	<bean id="queryExecutorDao"
		class="org.onap.ccsdk.config.data.adaptor.dao.QueryExecutorDaoImpl">
		<constructor-arg ref="jdbcTemplate" />
	</bean>

	<bean id="namedQueryExecutorDao"
		class="org.onap.ccsdk.config.data.adaptor.dao.NamedQueryExecutorDaoImpl">
		<constructor-arg ref="namedParameterJdbcTemplate" />
	</bean>

	<bean id="transactionLogDao"
		class="org.onap.ccsdk.config.data.adaptor.dao.TransactionLogDaoImpl">
		<constructor-arg ref="jdbcTemplate" />
	</bean>

	<context:component-scan
		base-package="org.onap.ccsdk.config.data.adaptor" />

	<!-- Utils Configuration -->

</beans>
